<?xml version="1.0" encoding="UTF-8"?>
<s3m:cm-87bc2bfb-1a34-4e21-9e99-3990d82c8c10 xmlns:rdf="http://www.w3.org/1999/02/22-rdf-syntax-ns#"
 xmlns:owl="http://www.w3.org/2002/07/owl#"
 xmlns:dc="http://purl.org/dc/elements/1.1/"
 xmlns:sawsdl="http://www.w3.org/ns/sawsdl"
 xmlns:sawsdlrdf="http://www.w3.org/ns/sawsdl#"
 xmlns:rdfs="http://www.w3.org/2000/01/rdf-schema#"
 xmlns:vc="http://www.w3.org/2007/XMLSchema-versioning"
 xmlns:s3m="http://www.s3model.com/rm"
 xmlns:sch="http://purl.oclc.org/dsdl/schematron"
 xmlns:xsi="http://www.w3.org/2001/XMLSchema-instance"
 xsi:schemaLocation="http://www.s3model.com/rm file:/home/tim/S3Model/S3Model/RM/1_0_0/tests/test-cm.xsd">
  <s3m:el-15ca606c-303a-4862-8f5e-df8f39e8bfc3>
    <language>en-US</language>
    <encoding>utf-8</encoding>
    <s3m:el-96f910e1-8f1e-4a54-a19f-47722ddd91d3>
      <cluster-subject>Test Entry entry-data</cluster-subject>
    </s3m:el-96f910e1-8f1e-4a54-a19f-47722ddd91d3>
  </s3m:el-15ca606c-303a-4862-8f5e-df8f39e8bfc3>
</s3m:cm-87bc2bfb-1a34-4e21-9e99-3990d82c8c10>
